------------------------------  app.pjt - Debug  ------------------------------
[app.cdb] "C:\CCStudio_v3.1\plugins\bios\gconfgen" app.cdb

[fir.c] "C:\CCStudio_v3.1\C5400\cgtools\bin\cl500" -g -q -eoo54f -fr"C:/CCStudio_v3.1/boards/osk5912/referenceframeworks/apps/rf3/dsk5402/Debug" -i"." -i"../appModules" -i"../algFIR" -i"../algVOL" -i"../../../include" -d"UTL_DBGLEVEL=70" -d"APPMONOCODEC" -d"CHIP_5402" -mf -v548 -@"../dsk5402/Debug.lkf" "fir.c"

[ifir.c] "C:\CCStudio_v3.1\C5400\cgtools\bin\cl500" -g -q -eoo54f -fr"C:/CCStudio_v3.1/boards/osk5912/referenceframeworks/apps/rf3/dsk5402/Debug" -i"." -i"../appModules" -i"../algFIR" -i"../algVOL" -i"../../../include" -d"UTL_DBGLEVEL=70" -d"APPMONOCODEC" -d"CHIP_5402" -mf -v548 -@"../dsk5402/Debug.lkf" "ifir.c"

[ivol.c] "C:\CCStudio_v3.1\C5400\cgtools\bin\cl500" -g -q -eoo54f -fr"C:/CCStudio_v3.1/boards/osk5912/referenceframeworks/apps/rf3/dsk5402/Debug" -i"." -i"../appModules" -i"../algFIR" -i"../algVOL" -i"../../../include" -d"UTL_DBGLEVEL=70" -d"APPMONOCODEC" -d"CHIP_5402" -mf -v548 -@"../dsk5402/Debug.lkf" "ivol.c"

[vol.c] "C:\CCStudio_v3.1\C5400\cgtools\bin\cl500" -g -q -eoo54f -fr"C:/CCStudio_v3.1/boards/osk5912/referenceframeworks/apps/rf3/dsk5402/Debug" -i"." -i"../appModules" -i"../algFIR" -i"../algVOL" -i"../../../include" -d"UTL_DBGLEVEL=70" -d"APPMONOCODEC" -d"CHIP_5402" -mf -v548 -@"../dsk5402/Debug.lkf" "vol.c"

[appMain.c] "C:\CCStudio_v3.1\C5400\cgtools\bin\cl500" -g -q -eoo54f -fr"C:/CCStudio_v3.1/boards/osk5912/referenceframeworks/apps/rf3/dsk5402/Debug" -i"." -i"../appModules" -i"../algFIR" -i"../algVOL" -i"../../../include" -d"UTL_DBGLEVEL=70" -d"APPMONOCODEC" -d"CHIP_5402" -mf -v548 -@"../dsk5402/Debug.lkf" "appMain.c"

[appResources.c] "C:\CCStudio_v3.1\C5400\cgtools\bin\cl500" -g -q -eoo54f -fr"C:/CCStudio_v3.1/boards/osk5912/referenceframeworks/apps/rf3/dsk5402/Debug" -i"." -i"../appModules" -i"../algFIR" -i"../algVOL" -i"../../../include" -d"UTL_DBGLEVEL=70" -d"APPMONOCODEC" -d"CHIP_5402" -mf -v548 -@"../dsk5402/Debug.lkf" "appResources.c"

[appThreads.c] "C:\CCStudio_v3.1\C5400\cgtools\bin\cl500" -g -q -eoo54f -fr"C:/CCStudio_v3.1/boards/osk5912/referenceframeworks/apps/rf3/dsk5402/Debug" -i"." -i"../appModules" -i"../algFIR" -i"../algVOL" -i"../../../include" -d"UTL_DBGLEVEL=70" -d"APPMONOCODEC" -d"CHIP_5402" -mf -v548 -@"../dsk5402/Debug.lkf" "appThreads.c"

[thrAudioproc.c] "C:\CCStudio_v3.1\C5400\cgtools\bin\cl500" -g -q -eoo54f -fr"C:/CCStudio_v3.1/boards/osk5912/referenceframeworks/apps/rf3/dsk5402/Debug" -i"." -i"../appModules" -i"../algFIR" -i"../algVOL" -i"../../../include" -d"UTL_DBGLEVEL=70" -d"APPMONOCODEC" -d"CHIP_5402" -mf -v548 -@"../dsk5402/Debug.lkf" "thrAudioproc.c"

[thrControl.c] "C:\CCStudio_v3.1\C5400\cgtools\bin\cl500" -g -q -eoo54f -fr"C:/CCStudio_v3.1/boards/osk5912/referenceframeworks/apps/rf3/dsk5402/Debug" -i"." -i"../appModules" -i"../algFIR" -i"../algVOL" -i"../../../include" -d"UTL_DBGLEVEL=70" -d"APPMONOCODEC" -d"CHIP_5402" -mf -v548 -@"../dsk5402/Debug.lkf" "thrControl.c"

[thrRxSplit.c] "C:\CCStudio_v3.1\C5400\cgtools\bin\cl500" -g -q -eoo54f -fr"C:/CCStudio_v3.1/boards/osk5912/referenceframeworks/apps/rf3/dsk5402/Debug" -i"." -i"../appModules" -i"../algFIR" -i"../algVOL" -i"../../../include" -d"UTL_DBGLEVEL=70" -d"APPMONOCODEC" -d"CHIP_5402" -mf -v548 -@"../dsk5402/Debug.lkf" "thrRxSplit.c"

[thrTxJoin.c] "C:\CCStudio_v3.1\C5400\cgtools\bin\cl500" -g -q -eoo54f -fr"C:/CCStudio_v3.1/boards/osk5912/referenceframeworks/apps/rf3/dsk5402/Debug" -i"." -i"../appModules" -i"../algFIR" -i"../algVOL" -i"../../../include" -d"UTL_DBGLEVEL=70" -d"APPMONOCODEC" -d"CHIP_5402" -mf -v548 -@"../dsk5402/Debug.lkf" "thrTxJoin.c"

[appIO.c] "C:\CCStudio_v3.1\C5400\cgtools\bin\cl500" -g -q -eoo54f -fr"C:/CCStudio_v3.1/boards/osk5912/referenceframeworks/apps/rf3/dsk5402/Debug" -i"." -i"../appModules" -i"../algFIR" -i"../algVOL" -i"../../../include" -d"UTL_DBGLEVEL=70" -d"APPMONOCODEC" -d"CHIP_5402" -mf -v548 -@"Debug.lkf" "appIO.c"

[dsk5402_devParams.c] "C:\CCStudio_v3.1\C5400\cgtools\bin\cl500" -g -q -eoo54f -fr"C:/CCStudio_v3.1/boards/osk5912/referenceframeworks/apps/rf3/dsk5402/Debug" -i"." -i"../appModules" -i"../algFIR" -i"../algVOL" -i"../../../include" -d"UTL_DBGLEVEL=70" -d"APPMONOCODEC" -d"CHIP_5402" -mf -v548 -@"Debug.lkf" "dsk5402_devParams.c"

[appcfg.s54] "C:\CCStudio_v3.1\C5400\cgtools\bin\cl500" -g -q -eoo54f -fr"C:/CCStudio_v3.1/boards/osk5912/referenceframeworks/apps/rf3/dsk5402/Debug" -i"." -i"../appModules" -i"../algFIR" -i"../algVOL" -i"../../../include" -d"UTL_DBGLEVEL=70" -d"APPMONOCODEC" -d"CHIP_5402" -mf -v548 -@"Debug.lkf" "appcfg.s54"

[appcfg_c.c] "C:\CCStudio_v3.1\C5400\cgtools\bin\cl500" -g -q -eoo54f -fr"C:/CCStudio_v3.1/boards/osk5912/referenceframeworks/apps/rf3/dsk5402/Debug" -i"." -i"../appModules" -i"../algFIR" -i"../algVOL" -i"../../../include" -d"UTL_DBGLEVEL=70" -d"APPMONOCODEC" -d"CHIP_5402" -mf -v548 -@"Debug.lkf" "appcfg_c.c"

[Linking...] "C:\CCStudio_v3.1\C5400\cgtools\bin\cl500" -@"Debug.lkf"
<Linking>

Build Complete,
  0 Errors, 0 Warnings, 0 Remarks.
