----------------------------  genbufs.pjt - Debug  ----------------------------
[genbufs.cdb] "C:\CCStudio_v3.1\plugins\bios\gconfgen" genbufs.cdb

[filterCoeffs.c] "C:\CCStudio_v3.1\C5500\cgtools\bin\cl55" -g -mg -q -eoo55l -fr"C:/CCStudio_v3.1/boards/osk5912/referenceframeworks/apps/rf1/genbufs/dsk5510/Debug" -i"." -i"../../../include" -ml -v5510:2.2 -@"../genbufs/dsk5510/Debug.lkf" "filterCoeffs.c"

[fir_setParams.c] "C:\CCStudio_v3.1\C5500\cgtools\bin\cl55" -g -mg -q -eoo55l -fr"C:/CCStudio_v3.1/boards/osk5912/referenceframeworks/apps/rf1/genbufs/dsk5510/Debug" -i"." -i"../../../include" -ml -v5510:2.2 -@"../genbufs/dsk5510/Debug.lkf" "fir_setParams.c"

[ifir.c] "C:\CCStudio_v3.1\C5500\cgtools\bin\cl55" -g -mg -q -eoo55l -fr"C:/CCStudio_v3.1/boards/osk5912/referenceframeworks/apps/rf1/genbufs/dsk5510/Debug" -i"." -i"../../../include" -ml -v5510:2.2 -@"../genbufs/dsk5510/Debug.lkf" "ifir.c"

[genbufs.c] "C:\CCStudio_v3.1\C5500\cgtools\bin\cl55" -g -mg -q -eoo55l -fr"C:/CCStudio_v3.1/boards/osk5912/referenceframeworks/apps/rf1/genbufs/dsk5510/Debug" -i"." -i"../../../include" -ml -v5510:2.2 -@"dsk5510/Debug.lkf" "genbufs.c"

[genbufscfg.s55] "C:\CCStudio_v3.1\C5500\cgtools\bin\cl55" -g -mg -q -eoo55l -fr"C:/CCStudio_v3.1/boards/osk5912/referenceframeworks/apps/rf1/genbufs/dsk5510/Debug" -i"." -i"../../../include" -ml -v5510:2.2 -@"Debug.lkf" "genbufscfg.s55"
"genbufscfg.s55", REMARK   at line 606: [R5110] Instructions encoded in an
                                                interrupt vector slot may not
                                                be executed as part of the
                                                interrupt routine
	                   BIOS_MMR = #:id: || mmap()   ; write the interrupt number in

"genbufscfg.s55", REMARK   at line 606: [R0001] After symbol substitution the
                                                line became:
	                   @bios_l = #1 || mmap()   ; write the interrupt number in

"genbufscfg.s55", REMARK   at line 623: [R5110] Instructions encoded in an
                                                interrupt vector slot may not
                                                be executed as part of the
                                                interrupt routine
	                   BIOS_MMR = #:id: || mmap()   ; write the interrupt number in

"genbufscfg.s55", REMARK   at line 623: [R0001] After symbol substitution the
                                                line became:
	                   @bios_l = #2 || mmap()   ; write the interrupt number in

"genbufscfg.s55", REMARK   at line 640: [R5110] Instructions encoded in an
                                                interrupt vector slot may not
                                                be executed as part of the
                                                interrupt routine
	                   BIOS_MMR = #:id: || mmap()   ; write the interrupt number in

"genbufscfg.s55", REMARK   at line 640: [R0001] After symbol substitution the
                                                line became:
	                   @bios_l = #3 || mmap()   ; write the interrupt number in

"genbufscfg.s55", REMARK   at line 657: [R5110] Instructions encoded in an
                                                interrupt vector slot may not
                                                be executed as part of the
                                                interrupt routine
	                            BIOS_MMR = #:id: || mmap();write the intr. number in

"genbufscfg.s55", REMARK   at line 657: [R0001] After symbol substitution the
                                                line became:
	                            @bios_l = #4 || mmap();write the intr. number in

"genbufscfg.s55", REMARK   at line 674: [R5110] Instructions encoded in an
                                                interrupt vector slot may not
                                                be executed as part of the
                                                interrupt routine
	                   BIOS_MMR = #:id: || mmap()   ; write the interrupt number in

"genbufscfg.s55", REMARK   at line 674: [R0001] After symbol substitution the
                                                line became:
	                   @bios_l = #5 || mmap()   ; write the interrupt number in

"genbufscfg.s55", REMARK   at line 691: [R5110] Instructions encoded in an
                                                interrupt vector slot may not
                                                be executed as part of the
                                                interrupt routine
	                   BIOS_MMR = #:id: || mmap()   ; write the interrupt number in

"genbufscfg.s55", REMARK   at line 691: [R0001] After symbol substitution the
                                                line became:
	                   @bios_l = #6 || mmap()   ; write the interrupt number in

"genbufscfg.s55", REMARK   at line 708: [R5110] Instructions encoded in an
                                                interrupt vector slot may not
                                                be executed as part of the
                                                interrupt routine
	                   BIOS_MMR = #:id: || mmap()   ; write the interrupt number in

"genbufscfg.s55", REMARK   at line 708: [R0001] After symbol substitution the
                                                line became:
	                   @bios_l = #7 || mmap()   ; write the interrupt number in

"genbufscfg.s55", REMARK   at line 725: [R5110] Instructions encoded in an
                                                interrupt vector slot may not
                                                be executed as part of the
                                                interrupt routine
	                   BIOS_MMR = #:id: || mmap()   ; write the interrupt number in

"genbufscfg.s55", REMARK   at line 725: [R0001] After symbol substitution the
                                                line became:
	                   @bios_l = #8 || mmap()   ; write the interrupt number in

"genbufscfg.s55", REMARK   at line 742: [R5110] Instructions encoded in an
                                                interrupt vector slot may not
                                                be executed as part of the
                                                interrupt routine
	                   BIOS_MMR = #:id: || mmap()   ; write the interrupt number in

"genbufscfg.s55", REMARK   at line 742: [R0001] After symbol substitution the
                                                line became:
	                   @bios_l = #9 || mmap()   ; write the interrupt number in

"genbufscfg.s55", REMARK   at line 759: [R5110] Instructions encoded in an
                                                interrupt vector slot may not
                                                be executed as part of the
                                                interrupt routine
	                   BIOS_MMR = #:id: || mmap()   ; write the interrupt number in

"genbufscfg.s55", REMARK   at line 759: [R0001] After symbol substitution the
                                                line became:
	                   @bios_l = #10 || mmap()   ; write the interrupt number in

"genbufscfg.s55", REMARK   at line 776: [R5110] Instructions encoded in an
                                                interrupt vector slot may not
                                                be executed as part of the
                                                interrupt routine
	                   BIOS_MMR = #:id: || mmap()   ; write the interrupt number in

"genbufscfg.s55", REMARK   at line 776: [R0001] After symbol substitution the
                                                line became:
	                   @bios_l = #11 || mmap()   ; write the interrupt number in

"genbufscfg.s55", REMARK   at line 793: [R5110] Instructions encoded in an
                                                interrupt vector slot may not
                                                be executed as part of the
                                                interrupt routine
	                   BIOS_MMR = #:id: || mmap()   ; write the interrupt number in

"genbufscfg.s55", REMARK   at line 793: [R0001] After symbol substitution the
                                                line became:
	                   @bios_l = #12 || mmap()   ; write the interrupt number in

"genbufscfg.s55", REMARK   at line 810: [R5110] Instructions encoded in an
                                                interrupt vector slot may not
                                                be executed as part of the
                                                interrupt routine
	                   BIOS_MMR = #:id: || mmap()   ; write the interrupt number in

"genbufscfg.s55", REMARK   at line 810: [R0001] After symbol substitution the
                                                line became:
	                   @bios_l = #13 || mmap()   ; write the interrupt number in

"genbufscfg.s55", REMARK   at line 827: [R5110] Instructions encoded in an
                                                interrupt vector slot may not
                                                be executed as part of the
                                                interrupt routine
	                   BIOS_MMR = #:id: || mmap()   ; write the interrupt number in

"genbufscfg.s55", REMARK   at line 827: [R0001] After symbol substitution the
                                                line became:
	                   @bios_l = #14 || mmap()   ; write the interrupt number in

"genbufscfg.s55", REMARK   at line 844: [R5110] Instructions encoded in an
                                                interrupt vector slot may not
                                                be executed as part of the
                                                interrupt routine
	                   BIOS_MMR = #:id: || mmap()   ; write the interrupt number in

"genbufscfg.s55", REMARK   at line 844: [R0001] After symbol substitution the
                                                line became:
	                   @bios_l = #15 || mmap()   ; write the interrupt number in

"genbufscfg.s55", REMARK   at line 861: [R5110] Instructions encoded in an
                                                interrupt vector slot may not
                                                be executed as part of the
                                                interrupt routine
	                   BIOS_MMR = #:id: || mmap()   ; write the interrupt number in

"genbufscfg.s55", REMARK   at line 861: [R0001] After symbol substitution the
                                                line became:
	                   @bios_l = #16 || mmap()   ; write the interrupt number in

"genbufscfg.s55", REMARK   at line 878: [R5110] Instructions encoded in an
                                                interrupt vector slot may not
                                                be executed as part of the
                                                interrupt routine
	                   BIOS_MMR = #:id: || mmap()   ; write the interrupt number in

"genbufscfg.s55", REMARK   at line 878: [R0001] After symbol substitution the
                                                line became:
	                   @bios_l = #17 || mmap()   ; write the interrupt number in

"genbufscfg.s55", REMARK   at line 895: [R5110] Instructions encoded in an
                                                interrupt vector slot may not
                                                be executed as part of the
                                                interrupt routine
	                   BIOS_MMR = #:id: || mmap()   ; write the interrupt number in

"genbufscfg.s55", REMARK   at line 895: [R0001] After symbol substitution the
                                                line became:
	                   @bios_l = #18 || mmap()   ; write the interrupt number in

"genbufscfg.s55", REMARK   at line 912: [R5110] Instructions encoded in an
                                                interrupt vector slot may not
                                                be executed as part of the
                                                interrupt routine
	                   BIOS_MMR = #:id: || mmap()   ; write the interrupt number in

"genbufscfg.s55", REMARK   at line 912: [R0001] After symbol substitution the
                                                line became:
	                   @bios_l = #19 || mmap()   ; write the interrupt number in

"genbufscfg.s55", REMARK   at line 929: [R5110] Instructions encoded in an
                                                interrupt vector slot may not
                                                be executed as part of the
                                                interrupt routine
	                   BIOS_MMR = #:id: || mmap()   ; write the interrupt number in

"genbufscfg.s55", REMARK   at line 929: [R0001] After symbol substitution the
                                                line became:
	                   @bios_l = #20 || mmap()   ; write the interrupt number in

"genbufscfg.s55", REMARK   at line 946: [R5110] Instructions encoded in an
                                                interrupt vector slot may not
                                                be executed as part of the
                                                interrupt routine
	                   BIOS_MMR = #:id: || mmap()   ; write the interrupt number in

"genbufscfg.s55", REMARK   at line 946: [R0001] After symbol substitution the
                                                line became:
	                   @bios_l = #21 || mmap()   ; write the interrupt number in

"genbufscfg.s55", REMARK   at line 963: [R5110] Instructions encoded in an
                                                interrupt vector slot may not
                                                be executed as part of the
                                                interrupt routine
	                   BIOS_MMR = #:id: || mmap()   ; write the interrupt number in

"genbufscfg.s55", REMARK   at line 963: [R0001] After symbol substitution the
                                                line became:
	                   @bios_l = #22 || mmap()   ; write the interrupt number in

"genbufscfg.s55", REMARK   at line 980: [R5110] Instructions encoded in an
                                                interrupt vector slot may not
                                                be executed as part of the
                                                interrupt routine
	                   BIOS_MMR = #:id: || mmap()   ; write the interrupt number in

"genbufscfg.s55", REMARK   at line 980: [R0001] After symbol substitution the
                                                line became:
	                   @bios_l = #23 || mmap()   ; write the interrupt number in

"genbufscfg.s55", REMARK   at line 997: [R5110] Instructions encoded in an
                                                interrupt vector slot may not
                                                be executed as part of the
                                                interrupt routine
	                   BIOS_MMR = #:id: || mmap()   ; write the interrupt number in

"genbufscfg.s55", REMARK   at line 997: [R0001] After symbol substitution the
                                                line became:
	                   @bios_l = #24 || mmap()   ; write the interrupt number in

"genbufscfg.s55", REMARK   at line 1014: [R5110] Instructions encoded in an
                                                 interrupt vector slot may not
                                                 be executed as part of the
                                                 interrupt routine
	                   BIOS_MMR = #:id: || mmap()   ; write the interrupt number in

"genbufscfg.s55", REMARK   at line 1014: [R0001] After symbol substitution the
                                                 line became:
	                   @bios_l = #25 || mmap()   ; write the interrupt number in

"genbufscfg.s55", REMARK   at line 1031: [R5110] Instructions encoded in an
                                                 interrupt vector slot may not
                                                 be executed as part of the
                                                 interrupt routine
	                   BIOS_MMR = #:id: || mmap()   ; write the interrupt number in

"genbufscfg.s55", REMARK   at line 1031: [R0001] After symbol substitution the
                                                 line became:
	                   @bios_l = #26 || mmap()   ; write the interrupt number in

"genbufscfg.s55", REMARK   at line 1048: [R5110] Instructions encoded in an
                                                 interrupt vector slot may not
                                                 be executed as part of the
                                                 interrupt routine
	                   BIOS_MMR = #:id: || mmap()   ; write the interrupt number in

"genbufscfg.s55", REMARK   at line 1048: [R0001] After symbol substitution the
                                                 line became:
	                   @bios_l = #27 || mmap()   ; write the interrupt number in

"genbufscfg.s55", REMARK   at line 1065: [R5110] Instructions encoded in an
                                                 interrupt vector slot may not
                                                 be executed as part of the
                                                 interrupt routine
	                   BIOS_MMR = #:id: || mmap()   ; write the interrupt number in

"genbufscfg.s55", REMARK   at line 1065: [R0001] After symbol substitution the
                                                 line became:
	                   @bios_l = #28 || mmap()   ; write the interrupt number in

"genbufscfg.s55", REMARK   at line 1082: [R5110] Instructions encoded in an
                                                 interrupt vector slot may not
                                                 be executed as part of the
                                                 interrupt routine
	                   BIOS_MMR = #:id: || mmap()   ; write the interrupt number in

"genbufscfg.s55", REMARK   at line 1082: [R0001] After symbol substitution the
                                                 line became:
	                   @bios_l = #29 || mmap()   ; write the interrupt number in

"genbufscfg.s55", REMARK   at line 1099: [R5110] Instructions encoded in an
                                                 interrupt vector slot may not
                                                 be executed as part of the
                                                 interrupt routine
	                   BIOS_MMR = #:id: || mmap()   ; write the interrupt number in

"genbufscfg.s55", REMARK   at line 1099: [R0001] After symbol substitution the
                                                 line became:
	                   @bios_l = #30 || mmap()   ; write the interrupt number in

"genbufscfg.s55", REMARK   at line 1116: [R5110] Instructions encoded in an
                                                 interrupt vector slot may not
                                                 be executed as part of the
                                                 interrupt routine
	                   BIOS_MMR = #:id: || mmap()   ; write the interrupt number in

"genbufscfg.s55", REMARK   at line 1116: [R0001] After symbol substitution the
                                                 line became:
	                   @bios_l = #31 || mmap()   ; write the interrupt number in


[genbufscfg_c.c] "C:\CCStudio_v3.1\C5500\cgtools\bin\cl55" -g -mg -q -eoo55l -fr"C:/CCStudio_v3.1/boards/osk5912/referenceframeworks/apps/rf1/genbufs/dsk5510/Debug" -i"." -i"../../../include" -ml -v5510:2.2 -@"Debug.lkf" "genbufscfg_c.c"

[Linking...] "C:\CCStudio_v3.1\C5500\cgtools\bin\cl55" -@"Debug.lkf"
<Linking>

Build Complete,
  0 Errors, 0 Warnings, 62 Remarks.
