------------------------------  rf1.pjt - Debug  ------------------------------
[rf1.cdb] "C:\CCStudio_v3.1\plugins\bios\gconfgen" rf1.cdb

[filterCoeffs.c] "C:\CCStudio_v3.1\C5500\cgtools\bin\cl55" -g -mg -q -eoo55l -fr"C:/CCStudio_v3.1/boards/osk5912/referenceframeworks/apps/rf1/dsk5510/Debug" -i"." -i"../firapp" -i"../../../include" -d"CHIP_5510PG2_2" -d"UTL_DBGLEVEL=60" -ml -v5510:2.2 -@"../dsk5510/Debug.lkf" "filterCoeffs.c"

[fir_setParams.c] "C:\CCStudio_v3.1\C5500\cgtools\bin\cl55" -g -mg -q -eoo55l -fr"C:/CCStudio_v3.1/boards/osk5912/referenceframeworks/apps/rf1/dsk5510/Debug" -i"." -i"../firapp" -i"../../../include" -d"CHIP_5510PG2_2" -d"UTL_DBGLEVEL=60" -ml -v5510:2.2 -@"../dsk5510/Debug.lkf" "fir_setParams.c"

[firapp.c] "C:\CCStudio_v3.1\C5500\cgtools\bin\cl55" -g -mg -q -eoo55l -fr"C:/CCStudio_v3.1/boards/osk5912/referenceframeworks/apps/rf1/dsk5510/Debug" -i"." -i"../firapp" -i"../../../include" -d"CHIP_5510PG2_2" -d"UTL_DBGLEVEL=60" -ml -v5510:2.2 -@"../dsk5510/Debug.lkf" "firapp.c"

[ifir.c] "C:\CCStudio_v3.1\C5500\cgtools\bin\cl55" -g -mg -q -eoo55l -fr"C:/CCStudio_v3.1/boards/osk5912/referenceframeworks/apps/rf1/dsk5510/Debug" -i"." -i"../firapp" -i"../../../include" -d"CHIP_5510PG2_2" -d"UTL_DBGLEVEL=60" -ml -v5510:2.2 -@"../dsk5510/Debug.lkf" "ifir.c"

[fir_staticBufs55.c] "C:\CCStudio_v3.1\C5500\cgtools\bin\cl55" -g -mg -q -eoo55l -fr"C:/CCStudio_v3.1/boards/osk5912/referenceframeworks/apps/rf1/dsk5510/Debug" -i"." -i"../firapp" -i"../../../include" -d"CHIP_5510PG2_2" -d"UTL_DBGLEVEL=60" -ml -v5510:2.2 -@"../dsk5510/Debug.lkf" "fir_staticBufs55.c"

[appIO.c] "C:\CCStudio_v3.1\C5500\cgtools\bin\cl55" -g -mg -q -eoo55l -fr"C:/CCStudio_v3.1/boards/osk5912/referenceframeworks/apps/rf1/dsk5510/Debug" -i"." -i"../firapp" -i"../../../include" -d"CHIP_5510PG2_2" -d"UTL_DBGLEVEL=60" -ml -v5510:2.2 -@"Debug.lkf" "appIO.c"

[appMain.c] "C:\CCStudio_v3.1\C5500\cgtools\bin\cl55" -g -mg -q -eoo55l -fr"C:/CCStudio_v3.1/boards/osk5912/referenceframeworks/apps/rf1/dsk5510/Debug" -i"." -i"../firapp" -i"../../../include" -d"CHIP_5510PG2_2" -d"UTL_DBGLEVEL=60" -ml -v5510:2.2 -@"Debug.lkf" "appMain.c"
"appMain.c", line 74: warning: this assembly directive potentially unsafe inside a function
"appMain.c", line 108: warning: this assembly directive potentially unsafe inside a function
"appMain.c", line 109: warning: this assembly directive potentially unsafe inside a function
"appMain.c", line 160: warning: this assembly directive potentially unsafe inside a function

[rf1cfg.s55] "C:\CCStudio_v3.1\C5500\cgtools\bin\cl55" -g -mg -q -eoo55l -fr"C:/CCStudio_v3.1/boards/osk5912/referenceframeworks/apps/rf1/dsk5510/Debug" -i"." -i"../firapp" -i"../../../include" -d"CHIP_5510PG2_2" -d"UTL_DBGLEVEL=60" -ml -v5510:2.2 -@"Debug.lkf" "rf1cfg.s55"
"rf1cfg.s55", REMARK   at line 633: [R5110] Instructions encoded in an interrupt
                                            vector slot may not be executed as
                                            part of the interrupt routine
	                   BIOS_MMR = #:id: || mmap()   ; write the interrupt number in

"rf1cfg.s55", REMARK   at line 633: [R0001] After symbol substitution the line
                                            became:
	                   @bios_l = #1 || mmap()   ; write the interrupt number in

"rf1cfg.s55", REMARK   at line 650: [R5110] Instructions encoded in an interrupt
                                            vector slot may not be executed as
                                            part of the interrupt routine
	                   BIOS_MMR = #:id: || mmap()   ; write the interrupt number in

"rf1cfg.s55", REMARK   at line 650: [R0001] After symbol substitution the line
                                            became:
	                   @bios_l = #2 || mmap()   ; write the interrupt number in

"rf1cfg.s55", REMARK   at line 667: [R5110] Instructions encoded in an interrupt
                                            vector slot may not be executed as
                                            part of the interrupt routine
	                   BIOS_MMR = #:id: || mmap()   ; write the interrupt number in

"rf1cfg.s55", REMARK   at line 667: [R0001] After symbol substitution the line
                                            became:
	                   @bios_l = #3 || mmap()   ; write the interrupt number in

"rf1cfg.s55", REMARK   at line 684: [R5110] Instructions encoded in an interrupt
                                            vector slot may not be executed as
                                            part of the interrupt routine
	                            BIOS_MMR = #:id: || mmap();write the intr. number in

"rf1cfg.s55", REMARK   at line 684: [R0001] After symbol substitution the line
                                            became:
	                            @bios_l = #4 || mmap();write the intr. number in

"rf1cfg.s55", REMARK   at line 701: [R5110] Instructions encoded in an interrupt
                                            vector slot may not be executed as
                                            part of the interrupt routine
	                   BIOS_MMR = #:id: || mmap()   ; write the interrupt number in

"rf1cfg.s55", REMARK   at line 701: [R0001] After symbol substitution the line
                                            became:
	                   @bios_l = #5 || mmap()   ; write the interrupt number in

"rf1cfg.s55", REMARK   at line 718: [R5110] Instructions encoded in an interrupt
                                            vector slot may not be executed as
                                            part of the interrupt routine
	                   BIOS_MMR = #:id: || mmap()   ; write the interrupt number in

"rf1cfg.s55", REMARK   at line 718: [R0001] After symbol substitution the line
                                            became:
	                   @bios_l = #6 || mmap()   ; write the interrupt number in

"rf1cfg.s55", REMARK   at line 735: [R5110] Instructions encoded in an interrupt
                                            vector slot may not be executed as
                                            part of the interrupt routine
	                   BIOS_MMR = #:id: || mmap()   ; write the interrupt number in

"rf1cfg.s55", REMARK   at line 735: [R0001] After symbol substitution the line
                                            became:
	                   @bios_l = #7 || mmap()   ; write the interrupt number in

"rf1cfg.s55", REMARK   at line 752: [R5110] Instructions encoded in an interrupt
                                            vector slot may not be executed as
                                            part of the interrupt routine
	                   BIOS_MMR = #:id: || mmap()   ; write the interrupt number in

"rf1cfg.s55", REMARK   at line 752: [R0001] After symbol substitution the line
                                            became:
	                   @bios_l = #8 || mmap()   ; write the interrupt number in

"rf1cfg.s55", REMARK   at line 769: [R5110] Instructions encoded in an interrupt
                                            vector slot may not be executed as
                                            part of the interrupt routine
	                   BIOS_MMR = #:id: || mmap()   ; write the interrupt number in

"rf1cfg.s55", REMARK   at line 769: [R0001] After symbol substitution the line
                                            became:
	                   @bios_l = #9 || mmap()   ; write the interrupt number in

"rf1cfg.s55", REMARK   at line 786: [R5110] Instructions encoded in an interrupt
                                            vector slot may not be executed as
                                            part of the interrupt routine
	                   BIOS_MMR = #:id: || mmap()   ; write the interrupt number in

"rf1cfg.s55", REMARK   at line 786: [R0001] After symbol substitution the line
                                            became:
	                   @bios_l = #10 || mmap()   ; write the interrupt number in

"rf1cfg.s55", REMARK   at line 803: [R5110] Instructions encoded in an interrupt
                                            vector slot may not be executed as
                                            part of the interrupt routine
	                   BIOS_MMR = #:id: || mmap()   ; write the interrupt number in

"rf1cfg.s55", REMARK   at line 803: [R0001] After symbol substitution the line
                                            became:
	                   @bios_l = #11 || mmap()   ; write the interrupt number in

"rf1cfg.s55", REMARK   at line 820: [R5110] Instructions encoded in an interrupt
                                            vector slot may not be executed as
                                            part of the interrupt routine
	                   BIOS_MMR = #:id: || mmap()   ; write the interrupt number in

"rf1cfg.s55", REMARK   at line 820: [R0001] After symbol substitution the line
                                            became:
	                   @bios_l = #12 || mmap()   ; write the interrupt number in

"rf1cfg.s55", REMARK   at line 837: [R5110] Instructions encoded in an interrupt
                                            vector slot may not be executed as
                                            part of the interrupt routine
	                   BIOS_MMR = #:id: || mmap()   ; write the interrupt number in

"rf1cfg.s55", REMARK   at line 837: [R0001] After symbol substitution the line
                                            became:
	                   @bios_l = #13 || mmap()   ; write the interrupt number in

"rf1cfg.s55", REMARK   at line 854: [R5110] Instructions encoded in an interrupt
                                            vector slot may not be executed as
                                            part of the interrupt routine
	                   BIOS_MMR = #:id: || mmap()   ; write the interrupt number in

"rf1cfg.s55", REMARK   at line 854: [R0001] After symbol substitution the line
                                            became:
	                   @bios_l = #14 || mmap()   ; write the interrupt number in

"rf1cfg.s55", REMARK   at line 871: [R5110] Instructions encoded in an interrupt
                                            vector slot may not be executed as
                                            part of the interrupt routine
	                   BIOS_MMR = #:id: || mmap()   ; write the interrupt number in

"rf1cfg.s55", REMARK   at line 871: [R0001] After symbol substitution the line
                                            became:
	                   @bios_l = #15 || mmap()   ; write the interrupt number in

"rf1cfg.s55", REMARK   at line 888: [R5110] Instructions encoded in an interrupt
                                            vector slot may not be executed as
                                            part of the interrupt routine
	                   BIOS_MMR = #:id: || mmap()   ; write the interrupt number in

"rf1cfg.s55", REMARK   at line 888: [R0001] After symbol substitution the line
                                            became:
	                   @bios_l = #16 || mmap()   ; write the interrupt number in

"rf1cfg.s55", REMARK   at line 905: [R5110] Instructions encoded in an interrupt
                                            vector slot may not be executed as
                                            part of the interrupt routine
	                   BIOS_MMR = #:id: || mmap()   ; write the interrupt number in

"rf1cfg.s55", REMARK   at line 905: [R0001] After symbol substitution the line
                                            became:
	                   @bios_l = #17 || mmap()   ; write the interrupt number in

"rf1cfg.s55", REMARK   at line 922: [R5110] Instructions encoded in an interrupt
                                            vector slot may not be executed as
                                            part of the interrupt routine
	                   BIOS_MMR = #:id: || mmap()   ; write the interrupt number in

"rf1cfg.s55", REMARK   at line 922: [R0001] After symbol substitution the line
                                            became:
	                   @bios_l = #18 || mmap()   ; write the interrupt number in

"rf1cfg.s55", REMARK   at line 939: [R5110] Instructions encoded in an interrupt
                                            vector slot may not be executed as
                                            part of the interrupt routine
	                   BIOS_MMR = #:id: || mmap()   ; write the interrupt number in

"rf1cfg.s55", REMARK   at line 939: [R0001] After symbol substitution the line
                                            became:
	                   @bios_l = #19 || mmap()   ; write the interrupt number in

"rf1cfg.s55", REMARK   at line 956: [R5110] Instructions encoded in an interrupt
                                            vector slot may not be executed as
                                            part of the interrupt routine
	                   BIOS_MMR = #:id: || mmap()   ; write the interrupt number in

"rf1cfg.s55", REMARK   at line 956: [R0001] After symbol substitution the line
                                            became:
	                   @bios_l = #20 || mmap()   ; write the interrupt number in

"rf1cfg.s55", REMARK   at line 973: [R5110] Instructions encoded in an interrupt
                                            vector slot may not be executed as
                                            part of the interrupt routine
	                   BIOS_MMR = #:id: || mmap()   ; write the interrupt number in

"rf1cfg.s55", REMARK   at line 973: [R0001] After symbol substitution the line
                                            became:
	                   @bios_l = #21 || mmap()   ; write the interrupt number in

"rf1cfg.s55", REMARK   at line 990: [R5110] Instructions encoded in an interrupt
                                            vector slot may not be executed as
                                            part of the interrupt routine
	                   BIOS_MMR = #:id: || mmap()   ; write the interrupt number in

"rf1cfg.s55", REMARK   at line 990: [R0001] After symbol substitution the line
                                            became:
	                   @bios_l = #22 || mmap()   ; write the interrupt number in

"rf1cfg.s55", REMARK   at line 1007: [R5110] Instructions encoded in an
                                             interrupt vector slot may not be
                                             executed as part of the interrupt
                                             routine
	                   BIOS_MMR = #:id: || mmap()   ; write the interrupt number in

"rf1cfg.s55", REMARK   at line 1007: [R0001] After symbol substitution the line
                                             became:
	                   @bios_l = #23 || mmap()   ; write the interrupt number in

"rf1cfg.s55", REMARK   at line 1024: [R5110] Instructions encoded in an
                                             interrupt vector slot may not be
                                             executed as part of the interrupt
                                             routine
	                   BIOS_MMR = #:id: || mmap()   ; write the interrupt number in

"rf1cfg.s55", REMARK   at line 1024: [R0001] After symbol substitution the line
                                             became:
	                   @bios_l = #24 || mmap()   ; write the interrupt number in

"rf1cfg.s55", REMARK   at line 1041: [R5110] Instructions encoded in an
                                             interrupt vector slot may not be
                                             executed as part of the interrupt
                                             routine
	                   BIOS_MMR = #:id: || mmap()   ; write the interrupt number in

"rf1cfg.s55", REMARK   at line 1041: [R0001] After symbol substitution the line
                                             became:
	                   @bios_l = #25 || mmap()   ; write the interrupt number in

"rf1cfg.s55", REMARK   at line 1058: [R5110] Instructions encoded in an
                                             interrupt vector slot may not be
                                             executed as part of the interrupt
                                             routine
	                   BIOS_MMR = #:id: || mmap()   ; write the interrupt number in

"rf1cfg.s55", REMARK   at line 1058: [R0001] After symbol substitution the line
                                             became:
	                   @bios_l = #26 || mmap()   ; write the interrupt number in

"rf1cfg.s55", REMARK   at line 1075: [R5110] Instructions encoded in an
                                             interrupt vector slot may not be
                                             executed as part of the interrupt
                                             routine
	                   BIOS_MMR = #:id: || mmap()   ; write the interrupt number in

"rf1cfg.s55", REMARK   at line 1075: [R0001] After symbol substitution the line
                                             became:
	                   @bios_l = #27 || mmap()   ; write the interrupt number in

"rf1cfg.s55", REMARK   at line 1092: [R5110] Instructions encoded in an
                                             interrupt vector slot may not be
                                             executed as part of the interrupt
                                             routine
	                   BIOS_MMR = #:id: || mmap()   ; write the interrupt number in

"rf1cfg.s55", REMARK   at line 1092: [R0001] After symbol substitution the line
                                             became:
	                   @bios_l = #28 || mmap()   ; write the interrupt number in

"rf1cfg.s55", REMARK   at line 1109: [R5110] Instructions encoded in an
                                             interrupt vector slot may not be
                                             executed as part of the interrupt
                                             routine
	                   BIOS_MMR = #:id: || mmap()   ; write the interrupt number in

"rf1cfg.s55", REMARK   at line 1109: [R0001] After symbol substitution the line
                                             became:
	                   @bios_l = #29 || mmap()   ; write the interrupt number in

"rf1cfg.s55", REMARK   at line 1126: [R5110] Instructions encoded in an
                                             interrupt vector slot may not be
                                             executed as part of the interrupt
                                             routine
	                   BIOS_MMR = #:id: || mmap()   ; write the interrupt number in

"rf1cfg.s55", REMARK   at line 1126: [R0001] After symbol substitution the line
                                             became:
	                   @bios_l = #30 || mmap()   ; write the interrupt number in

"rf1cfg.s55", REMARK   at line 1143: [R5110] Instructions encoded in an
                                             interrupt vector slot may not be
                                             executed as part of the interrupt
                                             routine
	                   BIOS_MMR = #:id: || mmap()   ; write the interrupt number in

"rf1cfg.s55", REMARK   at line 1143: [R0001] After symbol substitution the line
                                             became:
	                   @bios_l = #31 || mmap()   ; write the interrupt number in


[rf1cfg_c.c] "C:\CCStudio_v3.1\C5500\cgtools\bin\cl55" -g -mg -q -eoo55l -fr"C:/CCStudio_v3.1/boards/osk5912/referenceframeworks/apps/rf1/dsk5510/Debug" -i"." -i"../firapp" -i"../../../include" -d"CHIP_5510PG2_2" -d"UTL_DBGLEVEL=60" -ml -v5510:2.2 -@"Debug.lkf" "rf1cfg_c.c"

[Linking...] "C:\CCStudio_v3.1\C5500\cgtools\bin\cl55" -@"Debug.lkf"
<Linking>

Build Complete,
  0 Errors, 4 Warnings, 62 Remarks.
