---------------------------  scale_text.pjt - Debug  ---------------------------
C:\CCStudio_v3.1\bin\utilities\tconf\tconf scale_text.tcf

[scale_text.cdb] "C:\CCStudio_v3.1\plugins\bios\gconfgen" scale_text.cdb

[main.c] "C:\CCStudio_v3.1\C5500\cgtools\bin\cl55" -g -mg -q -pdr -pdv -pden -fr"C:/CCStudio_v3.1/boards/osk5912/dsplink/dsp/src/samples/scale/OMAP/Debug" -i"C:/CCStudio_v3.1/messaging/include" -i"C:/CCStudio_v3.1/boards/osk5912/dsplink/dsp/src/samples/scale/OMAP/../" -i"C:/CCStudio_v3.1/boards/osk5912/dsplink/dsp/src/samples/scale/OMAP/../../../../inc" -i"C:/CCStudio_v3.1/boards/osk5912/dsplink/dsp/src/samples/scale/OMAP/../../../../inc/OMAP" -i"C:/CCStudio_v3.1/boards/osk5912/dsplink/dsp/src/samples/scale/OMAP" -d"_DEBUG" -d"USE_CCS_BREAKPOINT" -d"_MSGQ_COMPONENT" -ml -vcore:2.1 -@"OMAP/Debug.lkf" "main.c"

[swiScale.c] "C:\CCStudio_v3.1\C5500\cgtools\bin\cl55" -g -mg -q -pdr -pdv -pden -fr"C:/CCStudio_v3.1/boards/osk5912/dsplink/dsp/src/samples/scale/OMAP/Debug" -i"C:/CCStudio_v3.1/messaging/include" -i"C:/CCStudio_v3.1/boards/osk5912/dsplink/dsp/src/samples/scale/OMAP/../" -i"C:/CCStudio_v3.1/boards/osk5912/dsplink/dsp/src/samples/scale/OMAP/../../../../inc" -i"C:/CCStudio_v3.1/boards/osk5912/dsplink/dsp/src/samples/scale/OMAP/../../../../inc/OMAP" -i"C:/CCStudio_v3.1/boards/osk5912/dsplink/dsp/src/samples/scale/OMAP" -d"_DEBUG" -d"USE_CCS_BREAKPOINT" -d"_MSGQ_COMPONENT" -ml -vcore:2.1 -@"OMAP/Debug.lkf" "swiScale.c"
"swiScale.c", line 408: remark #880-D: parameter "bufp" was never referenced
  static Void readFinishCb(Ptr arg, Int status, Ptr bufp, Uns size)
                                                    ^

"swiScale.c", line 430: remark #880-D: parameter "bufp" was never referenced
  static Void writeFinishCb(Ptr arg, Int status, Ptr bufp, Uns size)
                                                     ^

"swiScale.c", line 430: remark #880-D: parameter "size" was never referenced
  static Void writeFinishCb(Ptr arg, Int status, Ptr bufp, Uns size)
                                                               ^

"swiScale.c", line 453: remark #880-D: parameter "arg1" was never referenced
  static Void dataSWI(Arg arg0, Arg arg1)
                                    ^

"swiScale.c", line 499: remark #880-D: parameter "arg1" was never referenced
  static Void msgSWI(Arg arg0, Arg arg1)
                                   ^


[tskScale.c] "C:\CCStudio_v3.1\C5500\cgtools\bin\cl55" -g -mg -q -pdr -pdv -pden -fr"C:/CCStudio_v3.1/boards/osk5912/dsplink/dsp/src/samples/scale/OMAP/Debug" -i"C:/CCStudio_v3.1/messaging/include" -i"C:/CCStudio_v3.1/boards/osk5912/dsplink/dsp/src/samples/scale/OMAP/../" -i"C:/CCStudio_v3.1/boards/osk5912/dsplink/dsp/src/samples/scale/OMAP/../../../../inc" -i"C:/CCStudio_v3.1/boards/osk5912/dsplink/dsp/src/samples/scale/OMAP/../../../../inc/OMAP" -i"C:/CCStudio_v3.1/boards/osk5912/dsplink/dsp/src/samples/scale/OMAP" -d"_DEBUG" -d"USE_CCS_BREAKPOINT" -d"_MSGQ_COMPONENT" -ml -vcore:2.1 -@"OMAP/Debug.lkf" "tskScale.c"

[scale_textcfg.s55] "C:\CCStudio_v3.1\C5500\cgtools\bin\cl55" -g -mg -q -pdr -pdv -pden -fr"C:/CCStudio_v3.1/boards/osk5912/dsplink/dsp/src/samples/scale/OMAP/Debug" -i"C:/CCStudio_v3.1/messaging/include" -i"C:/CCStudio_v3.1/boards/osk5912/dsplink/dsp/src/samples/scale/OMAP/../" -i"C:/CCStudio_v3.1/boards/osk5912/dsplink/dsp/src/samples/scale/OMAP/../../../../inc" -i"C:/CCStudio_v3.1/boards/osk5912/dsplink/dsp/src/samples/scale/OMAP/../../../../inc/OMAP" -i"C:/CCStudio_v3.1/boards/osk5912/dsplink/dsp/src/samples/scale/OMAP" -d"_DEBUG" -d"USE_CCS_BREAKPOINT" -d"_MSGQ_COMPONENT" -ml -vcore:2.1 -@"Debug.lkf" "scale_textcfg.s55"
"scale_textcfg.s55", REMARK   at line 597: [R5110] Instructions encoded in an
                                                   interrupt vector slot may
                                                   not be executed as part of
                                                   the interrupt routine
	                   BIOS_MMR = #:id: || mmap()   ; write the interrupt number in

"scale_textcfg.s55", REMARK   at line 597: [R0001] After symbol substitution the
                                                   line became:
	                   @bios_l = #1 || mmap()   ; write the interrupt number in

"scale_textcfg.s55", REMARK   at line 614: [R5110] Instructions encoded in an
                                                   interrupt vector slot may
                                                   not be executed as part of
                                                   the interrupt routine
	                   BIOS_MMR = #:id: || mmap()   ; write the interrupt number in

"scale_textcfg.s55", REMARK   at line 614: [R0001] After symbol substitution the
                                                   line became:
	                   @bios_l = #2 || mmap()   ; write the interrupt number in

"scale_textcfg.s55", REMARK   at line 631: [R5110] Instructions encoded in an
                                                   interrupt vector slot may
                                                   not be executed as part of
                                                   the interrupt routine
	                   BIOS_MMR = #:id: || mmap()   ; write the interrupt number in

"scale_textcfg.s55", REMARK   at line 631: [R0001] After symbol substitution the
                                                   line became:
	                   @bios_l = #3 || mmap()   ; write the interrupt number in

"scale_textcfg.s55", REMARK   at line 648: [R5110] Instructions encoded in an
                                                   interrupt vector slot may
                                                   not be executed as part of
                                                   the interrupt routine
	                   BIOS_MMR = #:id: || mmap()   ; write the interrupt number in

"scale_textcfg.s55", REMARK   at line 648: [R0001] After symbol substitution the
                                                   line became:
	                   @bios_l = #4 || mmap()   ; write the interrupt number in

"scale_textcfg.s55", REMARK   at line 665: [R5110] Instructions encoded in an
                                                   interrupt vector slot may
                                                   not be executed as part of
                                                   the interrupt routine
	                   BIOS_MMR = #:id: || mmap()   ; write the interrupt number in

"scale_textcfg.s55", REMARK   at line 665: [R0001] After symbol substitution the
                                                   line became:
	                   @bios_l = #5 || mmap()   ; write the interrupt number in

"scale_textcfg.s55", REMARK   at line 682: [R5110] Instructions encoded in an
                                                   interrupt vector slot may
                                                   not be executed as part of
                                                   the interrupt routine
	                   BIOS_MMR = #:id: || mmap()   ; write the interrupt number in

"scale_textcfg.s55", REMARK   at line 682: [R0001] After symbol substitution the
                                                   line became:
	                   @bios_l = #6 || mmap()   ; write the interrupt number in

"scale_textcfg.s55", REMARK   at line 699: [R5110] Instructions encoded in an
                                                   interrupt vector slot may
                                                   not be executed as part of
                                                   the interrupt routine
	                   BIOS_MMR = #:id: || mmap()   ; write the interrupt number in

"scale_textcfg.s55", REMARK   at line 699: [R0001] After symbol substitution the
                                                   line became:
	                   @bios_l = #7 || mmap()   ; write the interrupt number in

"scale_textcfg.s55", REMARK   at line 716: [R5110] Instructions encoded in an
                                                   interrupt vector slot may
                                                   not be executed as part of
                                                   the interrupt routine
	                   BIOS_MMR = #:id: || mmap()   ; write the interrupt number in

"scale_textcfg.s55", REMARK   at line 716: [R0001] After symbol substitution the
                                                   line became:
	                   @bios_l = #8 || mmap()   ; write the interrupt number in

"scale_textcfg.s55", REMARK   at line 733: [R5110] Instructions encoded in an
                                                   interrupt vector slot may
                                                   not be executed as part of
                                                   the interrupt routine
	                   BIOS_MMR = #:id: || mmap()   ; write the interrupt number in

"scale_textcfg.s55", REMARK   at line 733: [R0001] After symbol substitution the
                                                   line became:
	                   @bios_l = #9 || mmap()   ; write the interrupt number in

"scale_textcfg.s55", REMARK   at line 750: [R5110] Instructions encoded in an
                                                   interrupt vector slot may
                                                   not be executed as part of
                                                   the interrupt routine
	                   BIOS_MMR = #:id: || mmap()   ; write the interrupt number in

"scale_textcfg.s55", REMARK   at line 750: [R0001] After symbol substitution the
                                                   line became:
	                   @bios_l = #10 || mmap()   ; write the interrupt number in

"scale_textcfg.s55", REMARK   at line 767: [R5110] Instructions encoded in an
                                                   interrupt vector slot may
                                                   not be executed as part of
                                                   the interrupt routine
	                   BIOS_MMR = #:id: || mmap()   ; write the interrupt number in

"scale_textcfg.s55", REMARK   at line 767: [R0001] After symbol substitution the
                                                   line became:
	                   @bios_l = #11 || mmap()   ; write the interrupt number in

"scale_textcfg.s55", REMARK   at line 784: [R5110] Instructions encoded in an
                                                   interrupt vector slot may
                                                   not be executed as part of
                                                   the interrupt routine
	                   BIOS_MMR = #:id: || mmap()   ; write the interrupt number in

"scale_textcfg.s55", REMARK   at line 784: [R0001] After symbol substitution the
                                                   line became:
	                   @bios_l = #12 || mmap()   ; write the interrupt number in

"scale_textcfg.s55", REMARK   at line 801: [R5110] Instructions encoded in an
                                                   interrupt vector slot may
                                                   not be executed as part of
                                                   the interrupt routine
	                   BIOS_MMR = #:id: || mmap()   ; write the interrupt number in

"scale_textcfg.s55", REMARK   at line 801: [R0001] After symbol substitution the
                                                   line became:
	                   @bios_l = #13 || mmap()   ; write the interrupt number in

"scale_textcfg.s55", REMARK   at line 818: [R5110] Instructions encoded in an
                                                   interrupt vector slot may
                                                   not be executed as part of
                                                   the interrupt routine
	                   BIOS_MMR = #:id: || mmap()   ; write the interrupt number in

"scale_textcfg.s55", REMARK   at line 818: [R0001] After symbol substitution the
                                                   line became:
	                   @bios_l = #14 || mmap()   ; write the interrupt number in

"scale_textcfg.s55", REMARK   at line 835: [R5110] Instructions encoded in an
                                                   interrupt vector slot may
                                                   not be executed as part of
                                                   the interrupt routine
	                   BIOS_MMR = #:id: || mmap()   ; write the interrupt number in

"scale_textcfg.s55", REMARK   at line 835: [R0001] After symbol substitution the
                                                   line became:
	                   @bios_l = #15 || mmap()   ; write the interrupt number in

"scale_textcfg.s55", REMARK   at line 852: [R5110] Instructions encoded in an
                                                   interrupt vector slot may
                                                   not be executed as part of
                                                   the interrupt routine
	                   BIOS_MMR = #:id: || mmap()   ; write the interrupt number in

"scale_textcfg.s55", REMARK   at line 852: [R0001] After symbol substitution the
                                                   line became:
	                   @bios_l = #16 || mmap()   ; write the interrupt number in

"scale_textcfg.s55", REMARK   at line 869: [R5110] Instructions encoded in an
                                                   interrupt vector slot may
                                                   not be executed as part of
                                                   the interrupt routine
	                   BIOS_MMR = #:id: || mmap()   ; write the interrupt number in

"scale_textcfg.s55", REMARK   at line 869: [R0001] After symbol substitution the
                                                   line became:
	                   @bios_l = #17 || mmap()   ; write the interrupt number in

"scale_textcfg.s55", REMARK   at line 886: [R5110] Instructions encoded in an
                                                   interrupt vector slot may
                                                   not be executed as part of
                                                   the interrupt routine
	                   BIOS_MMR = #:id: || mmap()   ; write the interrupt number in

"scale_textcfg.s55", REMARK   at line 886: [R0001] After symbol substitution the
                                                   line became:
	                   @bios_l = #18 || mmap()   ; write the interrupt number in

"scale_textcfg.s55", REMARK   at line 903: [R5110] Instructions encoded in an
                                                   interrupt vector slot may
                                                   not be executed as part of
                                                   the interrupt routine
	                   BIOS_MMR = #:id: || mmap()   ; write the interrupt number in

"scale_textcfg.s55", REMARK   at line 903: [R0001] After symbol substitution the
                                                   line became:
	                   @bios_l = #19 || mmap()   ; write the interrupt number in

"scale_textcfg.s55", REMARK   at line 920: [R5110] Instructions encoded in an
                                                   interrupt vector slot may
                                                   not be executed as part of
                                                   the interrupt routine
	                   BIOS_MMR = #:id: || mmap()   ; write the interrupt number in

"scale_textcfg.s55", REMARK   at line 920: [R0001] After symbol substitution the
                                                   line became:
	                   @bios_l = #20 || mmap()   ; write the interrupt number in

"scale_textcfg.s55", REMARK   at line 937: [R5110] Instructions encoded in an
                                                   interrupt vector slot may
                                                   not be executed as part of
                                                   the interrupt routine
	                   BIOS_MMR = #:id: || mmap()   ; write the interrupt number in

"scale_textcfg.s55", REMARK   at line 937: [R0001] After symbol substitution the
                                                   line became:
	                   @bios_l = #21 || mmap()   ; write the interrupt number in

"scale_textcfg.s55", REMARK   at line 954: [R5110] Instructions encoded in an
                                                   interrupt vector slot may
                                                   not be executed as part of
                                                   the interrupt routine
	                   BIOS_MMR = #:id: || mmap()   ; write the interrupt number in

"scale_textcfg.s55", REMARK   at line 954: [R0001] After symbol substitution the
                                                   line became:
	                   @bios_l = #22 || mmap()   ; write the interrupt number in

"scale_textcfg.s55", REMARK   at line 971: [R5110] Instructions encoded in an
                                                   interrupt vector slot may
                                                   not be executed as part of
                                                   the interrupt routine
	                            BIOS_MMR = #:id: || mmap();write the intr. number in

"scale_textcfg.s55", REMARK   at line 971: [R0001] After symbol substitution the
                                                   line became:
	                            @bios_l = #23 || mmap();write the intr. number in

"scale_textcfg.s55", REMARK   at line 988: [R5110] Instructions encoded in an
                                                   interrupt vector slot may
                                                   not be executed as part of
                                                   the interrupt routine
	                   BIOS_MMR = #:id: || mmap()   ; write the interrupt number in

"scale_textcfg.s55", REMARK   at line 988: [R0001] After symbol substitution the
                                                   line became:
	                   @bios_l = #24 || mmap()   ; write the interrupt number in

"scale_textcfg.s55", REMARK   at line 1005: [R5110] Instructions encoded in an
                                                    interrupt vector slot may
                                                    not be executed as part of
                                                    the interrupt routine
	                            BIOS_MMR = #:id: || mmap();write the intr. number in

"scale_textcfg.s55", REMARK   at line 1005: [R0001] After symbol substitution
                                                    the line became:
	                            @bios_l = #25 || mmap();write the intr. number in

"scale_textcfg.s55", REMARK   at line 1022: [R5110] Instructions encoded in an
                                                    interrupt vector slot may
                                                    not be executed as part of
                                                    the interrupt routine
	                            BIOS_MMR = #:id: || mmap();write the intr. number in

"scale_textcfg.s55", REMARK   at line 1022: [R0001] After symbol substitution
                                                    the line became:
	                            @bios_l = #26 || mmap();write the intr. number in

"scale_textcfg.s55", REMARK   at line 1039: [R5110] Instructions encoded in an
                                                    interrupt vector slot may
                                                    not be executed as part of
                                                    the interrupt routine
	                   BIOS_MMR = #:id: || mmap()   ; write the interrupt number in

"scale_textcfg.s55", REMARK   at line 1039: [R0001] After symbol substitution
                                                    the line became:
	                   @bios_l = #27 || mmap()   ; write the interrupt number in

"scale_textcfg.s55", REMARK   at line 1056: [R5110] Instructions encoded in an
                                                    interrupt vector slot may
                                                    not be executed as part of
                                                    the interrupt routine
	                   BIOS_MMR = #:id: || mmap()   ; write the interrupt number in

"scale_textcfg.s55", REMARK   at line 1056: [R0001] After symbol substitution
                                                    the line became:
	                   @bios_l = #28 || mmap()   ; write the interrupt number in

"scale_textcfg.s55", REMARK   at line 1073: [R5110] Instructions encoded in an
                                                    interrupt vector slot may
                                                    not be executed as part of
                                                    the interrupt routine
	                   BIOS_MMR = #:id: || mmap()   ; write the interrupt number in

"scale_textcfg.s55", REMARK   at line 1073: [R0001] After symbol substitution
                                                    the line became:
	                   @bios_l = #29 || mmap()   ; write the interrupt number in

"scale_textcfg.s55", REMARK   at line 1090: [R5110] Instructions encoded in an
                                                    interrupt vector slot may
                                                    not be executed as part of
                                                    the interrupt routine
	                   BIOS_MMR = #:id: || mmap()   ; write the interrupt number in

"scale_textcfg.s55", REMARK   at line 1090: [R0001] After symbol substitution
                                                    the line became:
	                   @bios_l = #30 || mmap()   ; write the interrupt number in

"scale_textcfg.s55", REMARK   at line 1107: [R5110] Instructions encoded in an
                                                    interrupt vector slot may
                                                    not be executed as part of
                                                    the interrupt routine
	                   BIOS_MMR = #:id: || mmap()   ; write the interrupt number in

"scale_textcfg.s55", REMARK   at line 1107: [R0001] After symbol substitution
                                                    the line became:
	                   @bios_l = #31 || mmap()   ; write the interrupt number in


[scale_textcfg_c.c] "C:\CCStudio_v3.1\C5500\cgtools\bin\cl55" -g -mg -q -pdr -pdv -pden -fr"C:/CCStudio_v3.1/boards/osk5912/dsplink/dsp/src/samples/scale/OMAP/Debug" -i"C:/CCStudio_v3.1/messaging/include" -i"C:/CCStudio_v3.1/boards/osk5912/dsplink/dsp/src/samples/scale/OMAP/../" -i"C:/CCStudio_v3.1/boards/osk5912/dsplink/dsp/src/samples/scale/OMAP/../../../../inc" -i"C:/CCStudio_v3.1/boards/osk5912/dsplink/dsp/src/samples/scale/OMAP/../../../../inc/OMAP" -i"C:/CCStudio_v3.1/boards/osk5912/dsplink/dsp/src/samples/scale/OMAP" -d"_DEBUG" -d"USE_CCS_BREAKPOINT" -d"_MSGQ_COMPONENT" -ml -vcore:2.1 -@"Debug.lkf" "scale_textcfg_c.c"

[Linking...] "C:\CCStudio_v3.1\C5500\cgtools\bin\cl55" -@"Debug.lkf"
<Linking>
>> scale_bioscfg.cmd, line 94: warning: multiple definitions of SECTION named
                                        '.vers'
>> scale_bioscfg.cmd, line 110: warning: multiple definitions of SECTION named
                                         '.sysstack'
>> scale_bioscfg.cmd, line 130: warning: multiple definitions of SECTION named
                                         '.clk'
>> scale_bioscfg.cmd, line 149: warning: multiple definitions of SECTION named
                                         '.prd'
>> scale_bioscfg.cmd, line 165: warning: multiple definitions of SECTION named
                                         '.swi'
>> scale_bioscfg.cmd, line 175: warning: multiple definitions of SECTION named
                                         '.idl'
>> scale_bioscfg.cmd, line 190: warning: multiple definitions of SECTION named
                                         '.bss'
>> scale_bioscfg.cmd, line 192: warning: multiple definitions of SECTION named
                                         '.hwi_disp_sec'
>> scale_bioscfg.cmd, line 194: warning: multiple definitions of SECTION named
                                         '.far'
>> scale_bioscfg.cmd, line 196: warning: multiple definitions of SECTION named
                                         '.sysdata'
>> scale_bioscfg.cmd, line 198: warning: multiple definitions of SECTION named
                                         '.gio'
>> scale_bioscfg.cmd, line 200: warning: multiple definitions of SECTION named
                                         '.sysregs'
>> scale_bioscfg.cmd, line 202: warning: multiple definitions of SECTION named
                                         '.udev'
>> scale_bioscfg.cmd, line 204: warning: multiple definitions of SECTION named
                                         '.mem'
>> scale_bioscfg.cmd, line 206: warning: multiple definitions of SECTION named
                                         '.devtable'
>> scale_bioscfg.cmd, line 208: warning: multiple definitions of SECTION named
                                         '.trace'
>> scale_bioscfg.cmd, line 214: warning: multiple definitions of SECTION named
                                         '.sys'
>> scale_bioscfg.cmd, line 216: warning: multiple definitions of SECTION named
                                         '.data'
>> scale_bioscfg.cmd, line 218: warning: multiple definitions of SECTION named
                                         '.const'
>> scale_bioscfg.cmd, line 220: warning: multiple definitions of SECTION named
                                         '.sts'
>> scale_bioscfg.cmd, line 230: warning: multiple definitions of SECTION named
                                         '.cio'
>> scale_bioscfg.cmd, line 232: warning: multiple definitions of SECTION named
                                         '.pip'
>> scale_bioscfg.cmd, line 243: warning: multiple definitions of SECTION named
                                         '.trace$buf'
>> scale_bioscfg.cmd, line 246: warning: multiple definitions of SECTION named
                                         '.LOG_system$buf'
>> scale_bioscfg.cmd, line 248: warning: multiple definitions of SECTION named
                                         '.stack'
>> scale_bioscfg.cmd, line 256: warning: multiple definitions of SECTION named
                                         '.printf'
>> scale_bioscfg.cmd, line 258: warning: multiple definitions of SECTION named
                                         '.rtdx_data'
>> scale_bioscfg.cmd, line 260: warning: multiple definitions of SECTION named
                                         '.log'
>> scale_bioscfg.cmd, line 270: warning: multiple definitions of SECTION named
                                         '.hst'
>> scale_bioscfg.cmd, line 280: warning: multiple definitions of SECTION named
                                         '.dsm'
>> scale_bioscfg.cmd, line 282: warning: multiple definitions of SECTION named
                                         '.TSK_idle$stk'
>> scale_bioscfg.cmd, line 286: warning: multiple definitions of SECTION named
                                         '.tsk'
>> scale_bioscfg.cmd, line 290: warning: multiple definitions of SECTION named
                                         '.args'
>> scale_bioscfg.cmd, line 295: warning: multiple definitions of SECTION named
                                         '.dio'
>> scale_bioscfg.cmd, line 297: warning: multiple definitions of SECTION named
                                         '.DARAM$heap'
>> scale_bioscfg.cmd, line 305: warning: multiple definitions of SECTION named
                                         '.bios'
>> scale_bioscfg.cmd, line 307: warning: multiple definitions of SECTION named
                                         '.rtdx_text'
>> scale_bioscfg.cmd, line 309: warning: multiple definitions of SECTION named
                                         '.hwi'
>> scale_bioscfg.cmd, line 311: warning: multiple definitions of SECTION named
                                         'frt'
>> scale_bioscfg.cmd, line 313: warning: multiple definitions of SECTION named
                                         '.text'
>> scale_bioscfg.cmd, line 315: warning: multiple definitions of SECTION named
                                         '.switch'
>> scale_bioscfg.cmd, line 317: warning: multiple definitions of SECTION named
                                         '.pinit'
>> scale_bioscfg.cmd, line 319: warning: multiple definitions of SECTION named
                                         '.cinit'
>> scale_bioscfg.cmd, line 321: warning: multiple definitions of SECTION named
                                         '.sysinit'
>> scale_bioscfg.cmd, line 323: warning: multiple definitions of SECTION named
                                         '.gblinit'
>> scale_bioscfg.cmd, line 325: warning: multiple definitions of SECTION named
                                         '.trcdata'
>> scale_bioscfg.cmd, line 327: warning: multiple definitions of SECTION named
                                         '.hwi_vec'
>>   error: memory types VECT and VECT on page 0 overlap
>>   error: memory types DARAM and DARAM on page 0 overlap
>>   error: memory types RESET_VECTOR and RESET_VECTOR on page 0 overlap
>>   error: memory types SARAM and SARAM on page 0 overlap
>>   error: memory types SHMMEM and SHMMEM on page 0 overlap
>>   error: memory types EXTMEM and EXTMEM on page 0 overlap
>>   error: memory types PDROM and PDROM on page 0 overlap
>> scale_bioscfg.cmd, line 112: warning: (.sysstack) not found
>> scale_bioscfg.cmd, line 134: warning: (.clk) not found
>> scale_bioscfg.cmd, line 167: warning: (.swi) not found
>> scale_bioscfg.cmd, line 177: warning: (.idl) not found
>> scale_bioscfg.cmd, line 181: warning: (.idlcal) not found
>> scale_bioscfg.cmd, line 250: warning: (.stack) not found
>> scale_bioscfg.cmd, line 263: warning: (.log) not found
>> scale_bioscfg.cmd, line 283: warning: (.TSK_idle$stk) not found
>> scale_bioscfg.cmd, line 287: warning: (.tsk) not found
>> scale_bioscfg.cmd, line 291: warning: (.args) not found
>> scale_bioscfg.cmd, line 330: warning: (.hwi_vec) not found
>>   error: can't allocate .DARAM$heap, size 0000a800 (page 0) in DARAM (avail:
            00005600)
>> scale_bioscfg.cmd, line 8: warning: absolute symbol GBL_USERINITFXN being
                                       redefined
>> scale_bioscfg.cmd, line 9: warning: absolute symbol GBL_BIOS_BOOTFXN being
                                       redefined
>> scale_bioscfg.cmd, line 11: warning: absolute symbol MEM_SEGZERO being
                                        redefined
>> scale_bioscfg.cmd, line 12: warning: absolute symbol MEM_MALLOCSEG being
                                        redefined
>> scale_bioscfg.cmd, line 14: warning: absolute symbol CLK_TIMEFXN being
                                        redefined
>> scale_bioscfg.cmd, line 15: warning: absolute symbol CLK_HOOKFXN being
                                        redefined
>> scale_bioscfg.cmd, line 17: warning: absolute symbol PRD_THOOKFXN being
                                        redefined
>> scale_bioscfg.cmd, line 19: warning: absolute symbol RTDX_DATAMEMSEG being
                                        redefined
>> scale_bioscfg.cmd, line 21: warning: absolute symbol HST_DSMBUFSEG being
                                        redefined
>> scale_bioscfg.cmd, line 23: warning: absolute symbol SWI_EHOOKFXN being
                                        redefined
>> scale_bioscfg.cmd, line 24: warning: absolute symbol SWI_IHOOKFXN being
                                        redefined
>> scale_bioscfg.cmd, line 25: warning: absolute symbol SWI_EXECFXN being
                                        redefined
>> scale_bioscfg.cmd, line 26: warning: absolute symbol SWI_RUNFXN being
                                        redefined
>> scale_bioscfg.cmd, line 28: warning: absolute symbol TSK_STACKSEG being
                                        redefined
>> scale_bioscfg.cmd, line 29: warning: absolute symbol TSK_VCREATEFXN being
                                        redefined
>> scale_bioscfg.cmd, line 30: warning: absolute symbol TSK_VDELETEFXN being
                                        redefined
>> scale_bioscfg.cmd, line 31: warning: absolute symbol TSK_VEXITFXN being
                                        redefined
>> scale_bioscfg.cmd, line 33: warning: absolute symbol IDL_CALIBRFXN being
                                        redefined
>> scale_bioscfg.cmd, line 35: warning: absolute symbol SYS_ABORTFXN being
                                        redefined
>> scale_bioscfg.cmd, line 36: warning: absolute symbol SYS_ERRORFXN being
                                        redefined
>> scale_bioscfg.cmd, line 37: warning: absolute symbol SYS_EXITFXN being
                                        redefined
>> scale_bioscfg.cmd, line 38: warning: absolute symbol SYS_PUTCFXN being
                                        redefined
>> scale_bioscfg.cmd, line 40: warning: absolute symbol GIO_CREATEFXN being
                                        redefined
>> scale_bioscfg.cmd, line 41: warning: absolute symbol GIO_DELETEFXN being
                                        redefined
>> scale_bioscfg.cmd, line 42: warning: absolute symbol GIO_PENDFXN being
                                        redefined
>> scale_bioscfg.cmd, line 43: warning: absolute symbol GIO_POSTFXN being
                                        redefined
>> scale_bioscfg.cmd, line 46: warning: absolute symbol _DARAM being redefined
>> scale_bioscfg.cmd, line 47: warning: absolute symbol _SARAM being redefined
>> scale_bioscfg.cmd, line 48: warning: absolute symbol _PDROM being redefined
>> scale_bioscfg.cmd, line 49: warning: absolute symbol _VECT being redefined
>> scale_bioscfg.cmd, line 50: warning: absolute symbol _RESET_VECTOR being
                                        redefined
>> scale_bioscfg.cmd, line 51: warning: absolute symbol _SHMMEM being redefined
>> scale_bioscfg.cmd, line 52: warning: absolute symbol _EXTMEM being redefined
>> scale_bioscfg.cmd, line 53: warning: absolute symbol _PRD_clock being
                                        redefined
>> scale_bioscfg.cmd, line 54: warning: absolute symbol _HWI_RESET being
                                        redefined
>> scale_bioscfg.cmd, line 55: warning: absolute symbol _HWI_NMI being redefined
>> scale_bioscfg.cmd, line 56: warning: absolute symbol _HWI_INT2 being
                                        redefined
>> scale_bioscfg.cmd, line 57: warning: absolute symbol _HWI_INT3 being
                                        redefined
>> scale_bioscfg.cmd, line 58: warning: absolute symbol _HWI_INT4 being
                                        redefined
>> scale_bioscfg.cmd, line 59: warning: absolute symbol _HWI_INT5 being
                                        redefined
>> scale_bioscfg.cmd, line 60: warning: absolute symbol _HWI_INT6 being
                                        redefined
>> scale_bioscfg.cmd, line 61: warning: absolute symbol _HWI_INT7 being
                                        redefined
>> scale_bioscfg.cmd, line 62: warning: absolute symbol _HWI_INT8 being
                                        redefined
>> scale_bioscfg.cmd, line 63: warning: absolute symbol _HWI_INT9 being
                                        redefined
>> scale_bioscfg.cmd, line 64: warning: absolute symbol _HWI_INT10 being
                                        redefined
>> scale_bioscfg.cmd, line 65: warning: absolute symbol _HWI_INT11 being
                                        redefined
>> scale_bioscfg.cmd, line 66: warning: absolute symbol _HWI_INT12 being
                                        redefined
>> scale_bioscfg.cmd, line 67: warning: absolute symbol _HWI_INT13 being
                                        redefined
>> scale_bioscfg.cmd, line 68: warning: absolute symbol _HWI_INT14 being
                                        redefined
>> scale_bioscfg.cmd, line 69: warning: absolute symbol _HWI_INT15 being
                                        redefined
>> scale_bioscfg.cmd, line 70: warning: absolute symbol _HWI_INT16 being
                                        redefined
>> scale_bioscfg.cmd, line 71: warning: absolute symbol _HWI_INT17 being
                                        redefined
>> scale_bioscfg.cmd, line 72: warning: absolute symbol _HWI_INT18 being
                                        redefined
>> scale_bioscfg.cmd, line 73: warning: absolute symbol _HWI_INT19 being
                                        redefined
>> scale_bioscfg.cmd, line 74: warning: absolute symbol _HWI_INT20 being
                                        redefined
>> scale_bioscfg.cmd, line 75: warning: absolute symbol _HWI_INT21 being
                                        redefined
>> scale_bioscfg.cmd, line 76: warning: absolute symbol _HWI_INT22 being
                                        redefined
>> scale_bioscfg.cmd, line 77: warning: absolute symbol _HWI_INT23 being
                                        redefined
>> scale_bioscfg.cmd, line 78: warning: absolute symbol _HWI_BERR being
                                        redefined
>> scale_bioscfg.cmd, line 79: warning: absolute symbol _HWI_DLOG being
                                        redefined
>> scale_bioscfg.cmd, line 80: warning: absolute symbol _HWI_RTOS being
                                        redefined
>> scale_bioscfg.cmd, line 81: warning: absolute symbol _HWI_SINT27 being
                                        redefined
>> scale_bioscfg.cmd, line 82: warning: absolute symbol _HWI_SINT28 being
                                        redefined
>> scale_bioscfg.cmd, line 83: warning: absolute symbol _HWI_SINT29 being
                                        redefined
>> scale_bioscfg.cmd, line 84: warning: absolute symbol _HWI_SINT30 being
                                        redefined
>> scale_bioscfg.cmd, line 85: warning: absolute symbol _HWI_SINT31 being
                                        redefined
>> scale_bioscfg.cmd, line 86: warning: absolute symbol _KNL_swi being redefined
>> scale_bioscfg.cmd, line 87: warning: absolute symbol _TSK_idle being
                                        redefined
>> scale_bioscfg.cmd, line 88: warning: absolute symbol _LOG_system being
                                        redefined
>> scale_bioscfg.cmd, line 89: warning: absolute symbol _trace being redefined
>> scale_bioscfg.cmd, line 139: warning: absolute symbol _CLK_PRD being
                                         redefined
>> scale_bioscfg.cmd, line 140: warning: absolute symbol _CLK_COUNTSPMS being
                                         redefined
>> scale_bioscfg.cmd, line 141: warning: absolute symbol _CLK_REGS being
                                         redefined
>> scale_bioscfg.cmd, line 142: warning: absolute symbol _CLK_USETIMER being
                                         redefined
>> scale_bioscfg.cmd, line 143: warning: absolute symbol _CLK_TIMERNUM being
                                         redefined
>> scale_bioscfg.cmd, line 144: warning: absolute symbol _CLK_TCR being
                                         redefined
>> scale_bioscfg.cmd, line 145: warning: absolute symbol _CLK_TDDR being
                                         redefined
>> scale_bioscfg.cmd, line 158: warning: absolute symbol _RTDX_interrupt_mask
                                         being redefined
>> scale_bioscfg.cmd, line 161: warning: absolute symbol HWI_TINT being
                                         redefined
>> scale_bioscfg.cmd, line 162: warning: absolute symbol _HWI_TINT being
                                         redefined
>> scale_bioscfg.cmd, line 111: warning: absolute symbol GBL_sysstackbeg being
                                         redefined
>> scale_bioscfg.cmd, line 113: warning: absolute symbol GBL_sysstackend being
                                         redefined
>> scale_bioscfg.cmd, line 114: warning: absolute symbol _HWI_SYSSTKTOP being
                                         redefined
>> scale_bioscfg.cmd, line 116: warning: absolute symbol _HWI_SYSSTKBOTTOM being
                                         redefined
>> scale_bioscfg.cmd, line 131: warning: absolute symbol _CLK_start being
                                         redefined
>> scale_bioscfg.cmd, line 132: warning: absolute symbol CLK_F_gethtime being
                                         redefined
>> scale_bioscfg.cmd, line 133: warning: absolute symbol CLK_A_TABBEG being
                                         redefined
>> scale_bioscfg.cmd, line 135: warning: absolute symbol CLK_A_TABEND being
                                         redefined
>> scale_bioscfg.cmd, line 136: warning: absolute symbol CLK_A_TABLEN being
                                         redefined
>> scale_bioscfg.cmd, line 150: warning: absolute symbol PRD_A_TABBEG being
                                         redefined
>> scale_bioscfg.cmd, line 152: warning: absolute symbol PRD_A_TABEND being
                                         redefined
>> scale_bioscfg.cmd, line 153: warning: absolute symbol PRD_A_TABLEN being
                                         redefined
>> scale_bioscfg.cmd, line 166: warning: absolute symbol SWI_A_TABBEG being
                                         redefined
>> scale_bioscfg.cmd, line 168: warning: absolute symbol SWI_A_TABEND being
                                         redefined
>> scale_bioscfg.cmd, line 169: warning: absolute symbol SWI_A_TABLEN being
                                         redefined
>> scale_bioscfg.cmd, line 176: warning: absolute symbol IDL_A_TABBEG being
                                         redefined
>> scale_bioscfg.cmd, line 178: warning: absolute symbol IDL_A_TABEND being
                                         redefined
>> scale_bioscfg.cmd, line 179: warning: absolute symbol IDL_A_TABLEN being
                                         redefined
>> scale_bioscfg.cmd, line 180: warning: absolute symbol IDL_A_CALBEG being
                                         redefined
>> scale_bioscfg.cmd, line 182: warning: absolute symbol IDL_A_CALEND being
                                         redefined
>> scale_bioscfg.cmd, line 183: warning: absolute symbol IDL_A_CALLEN being
                                         redefined
>> scale_bioscfg.cmd, line 209: warning: absolute symbol _SYS_PUTCBEG being
                                         redefined
>> scale_bioscfg.cmd, line 211: warning: absolute symbol _SYS_PUTCEND being
                                         redefined
>> scale_bioscfg.cmd, line 221: warning: absolute symbol STS_A_TABBEG being
                                         redefined
>> scale_bioscfg.cmd, line 222: warning: absolute symbol _STS_A_TABBEG being
                                         redefined
>> scale_bioscfg.cmd, line 224: warning: absolute symbol STS_A_TABEND being
                                         redefined
>> scale_bioscfg.cmd, line 225: warning: absolute symbol _STS_A_TABEND being
                                         redefined
>> scale_bioscfg.cmd, line 226: warning: absolute symbol STS_A_TABLEN being
                                         redefined
>> scale_bioscfg.cmd, line 227: warning: absolute symbol _STS_A_TABLEN being
                                         redefined
>> scale_bioscfg.cmd, line 233: warning: absolute symbol PIP_A_TABBEG being
                                         redefined
>> scale_bioscfg.cmd, line 234: warning: absolute symbol _PIP_A_TABBEG being
                                         redefined
>> scale_bioscfg.cmd, line 236: warning: absolute symbol PIP_A_TABEND being
                                         redefined
>> scale_bioscfg.cmd, line 237: warning: absolute symbol _PIP_A_TABEND being
                                         redefined
>> scale_bioscfg.cmd, line 238: warning: absolute symbol PIP_A_TABLEN being
                                         redefined
>> scale_bioscfg.cmd, line 239: warning: absolute symbol _PIP_A_TABLEN being
                                         redefined
>> scale_bioscfg.cmd, line 249: warning: absolute symbol GBL_stackbeg being
                                         redefined
>> scale_bioscfg.cmd, line 251: warning: absolute symbol GBL_stackend being
                                         redefined
>> scale_bioscfg.cmd, line 252: warning: absolute symbol _HWI_STKBOTTOM being
                                         redefined
>> scale_bioscfg.cmd, line 253: warning: absolute symbol _HWI_STKTOP being
                                         redefined
>> scale_bioscfg.cmd, line 261: warning: absolute symbol LOG_A_TABBEG being
                                         redefined
>> scale_bioscfg.cmd, line 262: warning: absolute symbol _LOG_A_TABBEG being
                                         redefined
>> scale_bioscfg.cmd, line 264: warning: absolute symbol LOG_A_TABEND being
                                         redefined
>> scale_bioscfg.cmd, line 265: warning: absolute symbol _LOG_A_TABEND being
                                         redefined
>> scale_bioscfg.cmd, line 266: warning: absolute symbol LOG_A_TABLEN being
                                         redefined
>> scale_bioscfg.cmd, line 267: warning: absolute symbol _LOG_A_TABLEN being
                                         redefined
>> scale_bioscfg.cmd, line 271: warning: absolute symbol HST_A_TABBEG being
                                         redefined
>> scale_bioscfg.cmd, line 272: warning: absolute symbol _HST_A_TABBEG being
                                         redefined
>> scale_bioscfg.cmd, line 274: warning: absolute symbol HST_A_TABEND being
                                         redefined
>> scale_bioscfg.cmd, line 275: warning: absolute symbol _HST_A_TABEND being
                                         redefined
>> scale_bioscfg.cmd, line 276: warning: absolute symbol HST_A_TABLEN being
                                         redefined
>> scale_bioscfg.cmd, line 277: warning: absolute symbol _HST_A_TABLEN being
                                         redefined
>> scale_bioscfg.cmd, line 298: warning: absolute symbol DARAM$B being redefined
>> scale_bioscfg.cmd, line 299: warning: absolute symbol _DARAM_base being
                                         redefined
>> scale_bioscfg.cmd, line 300: warning: absolute symbol DARAM$L being redefined
>> scale_bioscfg.cmd, line 301: warning: absolute symbol _DARAM_length being
                                         redefined
>> scale_bioscfg.cmd, line 328: warning: absolute symbol HWI_A_VECS being
                                         redefined
>> scale_bioscfg.cmd, line 329: warning: absolute symbol _HWI_A_VECS being
                                         redefined
>>   error: errors in input - ./Debug/scale_text.out not built

>> Compilation failure

Build Complete,
  10 Errors, 195 Warnings, 67 Remarks.
  Please view the build output for errors and warnings for any custom steps.
